<?xml version="1.0" encoding="UTF-8"?>
<!-- Generated by org.testng.reporters.JUnitReportReporter -->
<testsuite hostname="admin-PC" name="ApachePOIReadData.TestNGTEST" tests="3" failures="0" timestamp="3 May 2017 07:48:23 GMT" time="0.015" errors="0">
  <testcase name="testChrome" time="0.009" classname="ApachePOIReadData.TestNGTEST"/>
  <testcase name="testIE" time="0.002" classname="ApachePOIReadData.TestNGTEST"/>
  <testcase name="testMozilla" time="0.004" classname="ApachePOIReadData.TestNGTEST"/>
</testsuite> <!-- ApachePOIReadData.TestNGTEST -->
